{"/Users/naomekizza/Desktop/cord-fe-challenge-2022/src/fetcher.js": {"path":"/Users/naomekizza/Desktop/cord-fe-challenge-2022/src/fetcher.js","statementMap":{"0":{"start":{"line":6,"column":16},"end":{"line":6,"column":46}},"1":{"start":{"line":7,"column":15},"end":{"line":7,"column":49}},"2":{"start":{"line":12,"column":32},"end":{"line":36,"column":1}},"3":{"start":{"line":14,"column":21},"end":{"line":14,"column":37}},"4":{"start":{"line":16,"column":4},"end":{"line":34,"column":5}},"5":{"start":{"line":17,"column":23},"end":{"line":21,"column":9}},"6":{"start":{"line":23,"column":8},"end":{"line":23,"column":23}},"7":{"start":{"line":26,"column":24},"end":{"line":32,"column":9}},"8":{"start":{"line":33,"column":8},"end":{"line":33,"column":25}},"9":{"start":{"line":40,"column":28},"end":{"line":61,"column":1}},"10":{"start":{"line":42,"column":21},"end":{"line":42,"column":40}},"11":{"start":{"line":44,"column":4},"end":{"line":60,"column":5}},"12":{"start":{"line":45,"column":25},"end":{"line":49,"column":9}},"13":{"start":{"line":50,"column":8},"end":{"line":50,"column":24}},"14":{"start":{"line":52,"column":24},"end":{"line":58,"column":9}},"15":{"start":{"line":59,"column":8},"end":{"line":59,"column":25}},"16":{"start":{"line":65,"column":31},"end":{"line":77,"column":1}},"17":{"start":{"line":66,"column":21},"end":{"line":66,"column":36}},"18":{"start":{"line":67,"column":23},"end":{"line":67,"column":24}},"19":{"start":{"line":69,"column":4},"end":{"line":76,"column":5}},"20":{"start":{"line":70,"column":25},"end":{"line":70,"column":162}},"21":{"start":{"line":71,"column":8},"end":{"line":71,"column":24}},"22":{"start":{"line":74,"column":24},"end":{"line":74,"column":95}},"23":{"start":{"line":75,"column":8},"end":{"line":75,"column":25}}},"fnMap":{"0":{"name":"(anonymous_0)","decl":{"start":{"line":12,"column":32},"end":{"line":12,"column":33}},"loc":{"start":{"line":12,"column":54},"end":{"line":36,"column":1}},"line":12},"1":{"name":"(anonymous_1)","decl":{"start":{"line":40,"column":28},"end":{"line":40,"column":29}},"loc":{"start":{"line":40,"column":40},"end":{"line":61,"column":1}},"line":40},"2":{"name":"(anonymous_2)","decl":{"start":{"line":65,"column":31},"end":{"line":65,"column":32}},"loc":{"start":{"line":65,"column":56},"end":{"line":77,"column":1}},"line":65}},"branchMap":{},"s":{"0":3,"1":3,"2":3,"3":1,"4":1,"5":1,"6":1,"7":0,"8":0,"9":3,"10":2,"11":2,"12":2,"13":2,"14":0,"15":0,"16":3,"17":1,"18":1,"19":1,"20":1,"21":1,"22":0,"23":0},"f":{"0":1,"1":2,"2":1},"b":{},"_coverageSchema":"1a1c01bbd47fc00a2c39e90264f33305004495a9","hash":"a0d76c7fadbadd3acc6e858cfd3c1eca41bb1a24"}
,"/Users/naomekizza/Desktop/cord-fe-challenge-2022/src/Context/FetcherContext.js": {"path":"/Users/naomekizza/Desktop/cord-fe-challenge-2022/src/Context/FetcherContext.js","statementMap":{"0":{"start":{"line":6,"column":23},"end":{"line":6,"column":44}},"1":{"start":{"line":11,"column":12},"end":{"line":13,"column":5}},"2":{"start":{"line":17,"column":8},"end":{"line":17,"column":29}},"3":{"start":{"line":24,"column":20},"end":{"line":35,"column":5}},"4":{"start":{"line":25,"column":32},"end":{"line":25,"column":60}},"5":{"start":{"line":26,"column":8},"end":{"line":34,"column":9}},"6":{"start":{"line":27,"column":12},"end":{"line":29,"column":14}},"7":{"start":{"line":31,"column":12},"end":{"line":33,"column":14}},"8":{"start":{"line":40,"column":8},"end":{"line":46,"column":10}}},"fnMap":{"0":{"name":"(anonymous_0)","decl":{"start":{"line":16,"column":4},"end":{"line":16,"column":5}},"loc":{"start":{"line":16,"column":24},"end":{"line":18,"column":5}},"line":16},"1":{"name":"(anonymous_1)","decl":{"start":{"line":24,"column":20},"end":{"line":24,"column":21}},"loc":{"start":{"line":24,"column":32},"end":{"line":35,"column":5}},"line":24},"2":{"name":"(anonymous_2)","decl":{"start":{"line":38,"column":4},"end":{"line":38,"column":5}},"loc":{"start":{"line":38,"column":13},"end":{"line":47,"column":5}},"line":38}},"branchMap":{"0":{"loc":{"start":{"line":26,"column":8},"end":{"line":34,"column":9}},"type":"if","locations":[{"start":{"line":26,"column":8},"end":{"line":34,"column":9}},{"start":{"line":30,"column":15},"end":{"line":34,"column":9}}],"line":26}},"s":{"0":3,"1":1,"2":1,"3":1,"4":1,"5":1,"6":0,"7":0,"8":1},"f":{"0":1,"1":1,"2":1},"b":{"0":[0,0]},"_coverageSchema":"1a1c01bbd47fc00a2c39e90264f33305004495a9","hash":"8f37c3dfbeb74a6d985befd2ce8648ee85db59e3"}
,"/Users/naomekizza/Desktop/cord-fe-challenge-2022/src/pages/discover/index.js": {"path":"/Users/naomekizza/Desktop/cord-fe-challenge-2022/src/pages/discover/index.js","statementMap":{"0":{"start":{"line":25,"column":23},"end":{"line":25,"column":37}},"1":{"start":{"line":28,"column":4},"end":{"line":28,"column":17}},"2":{"start":{"line":30,"column":4},"end":{"line":61,"column":5}},"3":{"start":{"line":66,"column":4},"end":{"line":66,"column":29}},"4":{"start":{"line":73,"column":22},"end":{"line":96,"column":3}},"5":{"start":{"line":74,"column":4},"end":{"line":76,"column":6}},"6":{"start":{"line":78,"column":28},"end":{"line":78,"column":82}},"7":{"start":{"line":79,"column":4},"end":{"line":79,"column":32}},"8":{"start":{"line":81,"column":4},"end":{"line":95,"column":5}},"9":{"start":{"line":82,"column":6},"end":{"line":88,"column":8}},"10":{"start":{"line":90,"column":6},"end":{"line":94,"column":8}},"11":{"start":{"line":102,"column":17},"end":{"line":122,"column":3}},"12":{"start":{"line":103,"column":4},"end":{"line":105,"column":6}},"13":{"start":{"line":106,"column":28},"end":{"line":106,"column":72}},"14":{"start":{"line":107,"column":4},"end":{"line":121,"column":5}},"15":{"start":{"line":108,"column":6},"end":{"line":113,"column":8}},"16":{"start":{"line":115,"column":6},"end":{"line":120,"column":8}},"17":{"start":{"line":125,"column":19},"end":{"line":147,"column":3}},"18":{"start":{"line":126,"column":4},"end":{"line":131,"column":5}},"19":{"start":{"line":127,"column":6},"end":{"line":130,"column":8}},"20":{"start":{"line":132,"column":4},"end":{"line":145,"column":5}},"21":{"start":{"line":133,"column":6},"end":{"line":136,"column":58}},"22":{"start":{"line":136,"column":15},"end":{"line":136,"column":56}},"23":{"start":{"line":139,"column":6},"end":{"line":143,"column":8}},"24":{"start":{"line":149,"column":17},"end":{"line":181,"column":3}},"25":{"start":{"line":151,"column":4},"end":{"line":156,"column":5}},"26":{"start":{"line":152,"column":6},"end":{"line":155,"column":8}},"27":{"start":{"line":157,"column":4},"end":{"line":180,"column":5}},"28":{"start":{"line":158,"column":6},"end":{"line":160,"column":8}},"29":{"start":{"line":162,"column":6},"end":{"line":173,"column":7}},"30":{"start":{"line":163,"column":8},"end":{"line":167,"column":9}},"31":{"start":{"line":164,"column":10},"end":{"line":166,"column":65}},"32":{"start":{"line":166,"column":19},"end":{"line":166,"column":63}},"33":{"start":{"line":169,"column":8},"end":{"line":172,"column":10}},"34":{"start":{"line":176,"column":6},"end":{"line":178,"column":8}},"35":{"start":{"line":183,"column":22},"end":{"line":187,"column":3}},"36":{"start":{"line":184,"column":4},"end":{"line":186,"column":6}},"37":{"start":{"line":189,"column":16},"end":{"line":194,"column":3}},"38":{"start":{"line":190,"column":4},"end":{"line":193,"column":38}},"39":{"start":{"line":193,"column":13},"end":{"line":193,"column":37}},"40":{"start":{"line":196,"column":16},"end":{"line":211,"column":3}},"41":{"start":{"line":198,"column":21},"end":{"line":198,"column":40}},"42":{"start":{"line":199,"column":22},"end":{"line":199,"column":42}},"43":{"start":{"line":201,"column":4},"end":{"line":209,"column":5}},"44":{"start":{"line":202,"column":6},"end":{"line":208,"column":8}},"45":{"start":{"line":207,"column":8},"end":{"line":207,"column":33}},"46":{"start":{"line":213,"column":20},"end":{"line":224,"column":3}},"47":{"start":{"line":214,"column":21},"end":{"line":214,"column":40}},"48":{"start":{"line":215,"column":4},"end":{"line":222,"column":5}},"49":{"start":{"line":216,"column":6},"end":{"line":221,"column":8}},"50":{"start":{"line":220,"column":8},"end":{"line":220,"column":33}},"51":{"start":{"line":239,"column":68},"end":{"line":239,"column":78}},"52":{"start":{"line":241,"column":29},"end":{"line":241,"column":41}},"53":{"start":{"line":245,"column":4},"end":{"line":348,"column":5}},"54":{"start":{"line":261,"column":30},"end":{"line":261,"column":54}},"55":{"start":{"line":307,"column":45},"end":{"line":307,"column":77}},"56":{"start":{"line":352,"column":24},"end":{"line":359,"column":1}},"57":{"start":{"line":361,"column":22},"end":{"line":365,"column":1}},"58":{"start":{"line":367,"column":21},"end":{"line":380,"column":1}},"59":{"start":{"line":382,"column":21},"end":{"line":399,"column":1}},"60":{"start":{"line":401,"column":21},"end":{"line":405,"column":1}},"61":{"start":{"line":408,"column":24},"end":{"line":418,"column":1}},"62":{"start":{"line":420,"column":28},"end":{"line":440,"column":1}},"63":{"start":{"line":442,"column":34},"end":{"line":462,"column":1}},"64":{"start":{"line":464,"column":19},"end":{"line":473,"column":1}},"65":{"start":{"line":475,"column":18},"end":{"line":477,"column":1}},"66":{"start":{"line":480,"column":26},"end":{"line":486,"column":1}},"67":{"start":{"line":488,"column":22},"end":{"line":496,"column":1}}},"fnMap":{"0":{"name":"(anonymous_0)","decl":{"start":{"line":27,"column":2},"end":{"line":27,"column":3}},"loc":{"start":{"line":27,"column":21},"end":{"line":63,"column":3}},"line":27},"1":{"name":"(anonymous_1)","decl":{"start":{"line":65,"column":2},"end":{"line":65,"column":3}},"loc":{"start":{"line":65,"column":22},"end":{"line":67,"column":3}},"line":65},"2":{"name":"(anonymous_2)","decl":{"start":{"line":73,"column":22},"end":{"line":73,"column":23}},"loc":{"start":{"line":73,"column":34},"end":{"line":96,"column":3}},"line":73},"3":{"name":"(anonymous_3)","decl":{"start":{"line":102,"column":17},"end":{"line":102,"column":18}},"loc":{"start":{"line":102,"column":42},"end":{"line":122,"column":3}},"line":102},"4":{"name":"(anonymous_4)","decl":{"start":{"line":125,"column":19},"end":{"line":125,"column":20}},"loc":{"start":{"line":125,"column":34},"end":{"line":147,"column":3}},"line":125},"5":{"name":"(anonymous_5)","decl":{"start":{"line":136,"column":9},"end":{"line":136,"column":10}},"loc":{"start":{"line":136,"column":15},"end":{"line":136,"column":56}},"line":136},"6":{"name":"(anonymous_6)","decl":{"start":{"line":149,"column":17},"end":{"line":149,"column":18}},"loc":{"start":{"line":149,"column":32},"end":{"line":181,"column":3}},"line":149},"7":{"name":"(anonymous_7)","decl":{"start":{"line":166,"column":13},"end":{"line":166,"column":14}},"loc":{"start":{"line":166,"column":19},"end":{"line":166,"column":63}},"line":166},"8":{"name":"(anonymous_8)","decl":{"start":{"line":183,"column":22},"end":{"line":183,"column":23}},"loc":{"start":{"line":183,"column":28},"end":{"line":187,"column":3}},"line":183},"9":{"name":"(anonymous_9)","decl":{"start":{"line":189,"column":16},"end":{"line":189,"column":17}},"loc":{"start":{"line":189,"column":26},"end":{"line":194,"column":3}},"line":189},"10":{"name":"(anonymous_10)","decl":{"start":{"line":193,"column":7},"end":{"line":193,"column":8}},"loc":{"start":{"line":193,"column":13},"end":{"line":193,"column":37}},"line":193},"11":{"name":"(anonymous_11)","decl":{"start":{"line":196,"column":16},"end":{"line":196,"column":17}},"loc":{"start":{"line":196,"column":22},"end":{"line":211,"column":3}},"line":196},"12":{"name":"(anonymous_12)","decl":{"start":{"line":206,"column":9},"end":{"line":206,"column":10}},"loc":{"start":{"line":206,"column":15},"end":{"line":208,"column":7}},"line":206},"13":{"name":"(anonymous_13)","decl":{"start":{"line":213,"column":20},"end":{"line":213,"column":21}},"loc":{"start":{"line":213,"column":26},"end":{"line":224,"column":3}},"line":213},"14":{"name":"(anonymous_14)","decl":{"start":{"line":219,"column":9},"end":{"line":219,"column":10}},"loc":{"start":{"line":219,"column":15},"end":{"line":221,"column":7}},"line":219},"15":{"name":"(anonymous_15)","decl":{"start":{"line":238,"column":2},"end":{"line":238,"column":3}},"loc":{"start":{"line":238,"column":11},"end":{"line":349,"column":3}},"line":238},"16":{"name":"(anonymous_16)","decl":{"start":{"line":261,"column":24},"end":{"line":261,"column":25}},"loc":{"start":{"line":261,"column":30},"end":{"line":261,"column":54}},"line":261},"17":{"name":"(anonymous_17)","decl":{"start":{"line":307,"column":26},"end":{"line":307,"column":27}},"loc":{"start":{"line":307,"column":45},"end":{"line":307,"column":77}},"line":307}},"branchMap":{"0":{"loc":{"start":{"line":81,"column":4},"end":{"line":95,"column":5}},"type":"if","locations":[{"start":{"line":81,"column":4},"end":{"line":95,"column":5}},{"start":{"line":89,"column":11},"end":{"line":95,"column":5}}],"line":81},"1":{"loc":{"start":{"line":107,"column":4},"end":{"line":121,"column":5}},"type":"if","locations":[{"start":{"line":107,"column":4},"end":{"line":121,"column":5}},{"start":{"line":114,"column":11},"end":{"line":121,"column":5}}],"line":107},"2":{"loc":{"start":{"line":126,"column":4},"end":{"line":131,"column":5}},"type":"if","locations":[{"start":{"line":126,"column":4},"end":{"line":131,"column":5}},{"start":{},"end":{}}],"line":126},"3":{"loc":{"start":{"line":132,"column":4},"end":{"line":145,"column":5}},"type":"if","locations":[{"start":{"line":132,"column":4},"end":{"line":145,"column":5}},{"start":{"line":137,"column":11},"end":{"line":145,"column":5}}],"line":132},"4":{"loc":{"start":{"line":151,"column":4},"end":{"line":156,"column":5}},"type":"if","locations":[{"start":{"line":151,"column":4},"end":{"line":156,"column":5}},{"start":{},"end":{}}],"line":151},"5":{"loc":{"start":{"line":157,"column":4},"end":{"line":180,"column":5}},"type":"if","locations":[{"start":{"line":157,"column":4},"end":{"line":180,"column":5}},{"start":{"line":175,"column":11},"end":{"line":180,"column":5}}],"line":157},"6":{"loc":{"start":{"line":162,"column":6},"end":{"line":173,"column":7}},"type":"if","locations":[{"start":{"line":162,"column":6},"end":{"line":173,"column":7}},{"start":{"line":168,"column":13},"end":{"line":173,"column":7}}],"line":162},"7":{"loc":{"start":{"line":163,"column":8},"end":{"line":167,"column":9}},"type":"if","locations":[{"start":{"line":163,"column":8},"end":{"line":167,"column":9}},{"start":{},"end":{}}],"line":163},"8":{"loc":{"start":{"line":201,"column":4},"end":{"line":209,"column":5}},"type":"if","locations":[{"start":{"line":201,"column":4},"end":{"line":209,"column":5}},{"start":{},"end":{}}],"line":201},"9":{"loc":{"start":{"line":215,"column":4},"end":{"line":222,"column":5}},"type":"if","locations":[{"start":{"line":215,"column":4},"end":{"line":222,"column":5}},{"start":{},"end":{}}],"line":215},"10":{"loc":{"start":{"line":266,"column":9},"end":{"line":294,"column":38}},"type":"binary-expr","locations":[{"start":{"line":266,"column":9},"end":{"line":266,"column":31}},{"start":{"line":267,"column":10},"end":{"line":294,"column":38}}],"line":266},"11":{"loc":{"start":{"line":300,"column":9},"end":{"line":300,"column":42}},"type":"binary-expr","locations":[{"start":{"line":300,"column":9},"end":{"line":300,"column":27}},{"start":{"line":300,"column":31},"end":{"line":300,"column":42}}],"line":300},"12":{"loc":{"start":{"line":302,"column":11},"end":{"line":302,"column":88}},"type":"binary-expr","locations":[{"start":{"line":302,"column":11},"end":{"line":302,"column":31}},{"start":{"line":302,"column":35},"end":{"line":302,"column":88}}],"line":302},"13":{"loc":{"start":{"line":310,"column":21},"end":{"line":310,"column":54}},"type":"cond-expr","locations":[{"start":{"line":310,"column":42},"end":{"line":310,"column":46}},{"start":{"line":310,"column":49},"end":{"line":310,"column":54}}],"line":310},"14":{"loc":{"start":{"line":318,"column":13},"end":{"line":328,"column":20}},"type":"cond-expr","locations":[{"start":{"line":318,"column":35},"end":{"line":328,"column":15}},{"start":{"line":328,"column":18},"end":{"line":328,"column":20}}],"line":318},"15":{"loc":{"start":{"line":321,"column":15},"end":{"line":327,"column":16}},"type":"binary-expr","locations":[{"start":{"line":321,"column":15},"end":{"line":321,"column":31}},{"start":{"line":321,"column":35},"end":{"line":327,"column":16}}],"line":321},"16":{"loc":{"start":{"line":332,"column":11},"end":{"line":332,"column":49}},"type":"binary-expr","locations":[{"start":{"line":332,"column":11},"end":{"line":332,"column":30}},{"start":{"line":332,"column":34},"end":{"line":332,"column":49}}],"line":332},"17":{"loc":{"start":{"line":335,"column":20},"end":{"line":335,"column":33}},"type":"binary-expr","locations":[{"start":{"line":335,"column":20},"end":{"line":335,"column":27}},{"start":{"line":335,"column":31},"end":{"line":335,"column":33}}],"line":335},"18":{"loc":{"start":{"line":336,"column":20},"end":{"line":336,"column":38}},"type":"binary-expr","locations":[{"start":{"line":336,"column":20},"end":{"line":336,"column":32}},{"start":{"line":336,"column":36},"end":{"line":336,"column":38}}],"line":336},"19":{"loc":{"start":{"line":340,"column":9},"end":{"line":346,"column":10}},"type":"binary-expr","locations":[{"start":{"line":340,"column":9},"end":{"line":340,"column":25}},{"start":{"line":340,"column":29},"end":{"line":346,"column":10}}],"line":340}},"s":{"0":2,"1":0,"2":0,"3":0,"4":0,"5":0,"6":0,"7":0,"8":0,"9":0,"10":0,"11":0,"12":0,"13":0,"14":0,"15":0,"16":0,"17":0,"18":0,"19":0,"20":0,"21":0,"22":0,"23":0,"24":0,"25":0,"26":0,"27":0,"28":0,"29":0,"30":0,"31":0,"32":0,"33":0,"34":0,"35":0,"36":0,"37":0,"38":0,"39":0,"40":0,"41":0,"42":0,"43":0,"44":0,"45":0,"46":0,"47":0,"48":0,"49":0,"50":0,"51":0,"52":0,"53":0,"54":0,"55":0,"56":2,"57":2,"58":2,"59":2,"60":2,"61":2,"62":2,"63":2,"64":2,"65":2,"66":2,"67":2},"f":{"0":0,"1":0,"2":0,"3":0,"4":0,"5":0,"6":0,"7":0,"8":0,"9":0,"10":0,"11":0,"12":0,"13":0,"14":0,"15":0,"16":0,"17":0},"b":{"0":[0,0],"1":[0,0],"2":[0,0],"3":[0,0],"4":[0,0],"5":[0,0],"6":[0,0],"7":[0,0],"8":[0,0],"9":[0,0],"10":[0,0],"11":[0,0],"12":[0,0],"13":[0,0],"14":[0,0],"15":[0,0],"16":[0,0],"17":[0,0],"18":[0,0],"19":[0,0]},"_coverageSchema":"1a1c01bbd47fc00a2c39e90264f33305004495a9","hash":"47229b93881d90fa240d6315ea2e4fa9dc853da1"}
}
