{"/Users/naomekizza/Desktop/cord-fe-challenge-2022/src/colors.js": {"path":"/Users/naomekizza/Desktop/cord-fe-challenge-2022/src/colors.js","statementMap":{"0":{"start":{"line":1,"column":26},"end":{"line":1,"column":35}},"1":{"start":{"line":2,"column":31},"end":{"line":2,"column":40}},"2":{"start":{"line":3,"column":25},"end":{"line":3,"column":34}},"3":{"start":{"line":4,"column":28},"end":{"line":4,"column":37}},"4":{"start":{"line":5,"column":31},"end":{"line":5,"column":40}},"5":{"start":{"line":6,"column":31},"end":{"line":6,"column":40}}},"fnMap":{},"branchMap":{},"s":{"0":1,"1":1,"2":1,"3":1,"4":1,"5":1},"f":{},"b":{},"_coverageSchema":"1a1c01bbd47fc00a2c39e90264f33305004495a9","hash":"cf31bf0f9f41b55fabd81807acb7f6757b7916d3"}
,"/Users/naomekizza/Desktop/cord-fe-challenge-2022/src/fetcher.js": {"path":"/Users/naomekizza/Desktop/cord-fe-challenge-2022/src/fetcher.js","statementMap":{"0":{"start":{"line":6,"column":16},"end":{"line":6,"column":46}},"1":{"start":{"line":7,"column":15},"end":{"line":7,"column":49}},"2":{"start":{"line":12,"column":32},"end":{"line":36,"column":1}},"3":{"start":{"line":14,"column":21},"end":{"line":14,"column":37}},"4":{"start":{"line":15,"column":23},"end":{"line":15,"column":24}},"5":{"start":{"line":17,"column":4},"end":{"line":34,"column":5}},"6":{"start":{"line":18,"column":23},"end":{"line":22,"column":9}},"7":{"start":{"line":24,"column":8},"end":{"line":24,"column":23}},"8":{"start":{"line":26,"column":24},"end":{"line":32,"column":9}},"9":{"start":{"line":33,"column":8},"end":{"line":33,"column":25}},"10":{"start":{"line":40,"column":28},"end":{"line":61,"column":1}},"11":{"start":{"line":42,"column":21},"end":{"line":42,"column":40}},"12":{"start":{"line":44,"column":4},"end":{"line":60,"column":5}},"13":{"start":{"line":45,"column":25},"end":{"line":49,"column":9}},"14":{"start":{"line":50,"column":8},"end":{"line":50,"column":24}},"15":{"start":{"line":52,"column":24},"end":{"line":58,"column":9}},"16":{"start":{"line":59,"column":8},"end":{"line":59,"column":25}},"17":{"start":{"line":65,"column":31},"end":{"line":81,"column":1}},"18":{"start":{"line":67,"column":4},"end":{"line":67,"column":24}},"19":{"start":{"line":68,"column":4},"end":{"line":68,"column":21}},"20":{"start":{"line":70,"column":21},"end":{"line":70,"column":36}},"21":{"start":{"line":71,"column":23},"end":{"line":71,"column":24}},"22":{"start":{"line":73,"column":4},"end":{"line":80,"column":5}},"23":{"start":{"line":74,"column":25},"end":{"line":74,"column":162}},"24":{"start":{"line":75,"column":8},"end":{"line":75,"column":24}},"25":{"start":{"line":78,"column":24},"end":{"line":78,"column":95}},"26":{"start":{"line":79,"column":8},"end":{"line":79,"column":25}}},"fnMap":{"0":{"name":"(anonymous_0)","decl":{"start":{"line":12,"column":32},"end":{"line":12,"column":33}},"loc":{"start":{"line":12,"column":44},"end":{"line":36,"column":1}},"line":12},"1":{"name":"(anonymous_1)","decl":{"start":{"line":40,"column":28},"end":{"line":40,"column":29}},"loc":{"start":{"line":40,"column":40},"end":{"line":61,"column":1}},"line":40},"2":{"name":"(anonymous_2)","decl":{"start":{"line":65,"column":31},"end":{"line":65,"column":32}},"loc":{"start":{"line":65,"column":56},"end":{"line":81,"column":1}},"line":65}},"branchMap":{},"s":{"0":2,"1":2,"2":2,"3":1,"4":1,"5":1,"6":1,"7":1,"8":0,"9":0,"10":2,"11":1,"12":1,"13":1,"14":1,"15":0,"16":0,"17":2,"18":1,"19":1,"20":1,"21":1,"22":1,"23":1,"24":1,"25":0,"26":0},"f":{"0":1,"1":1,"2":1},"b":{},"_coverageSchema":"1a1c01bbd47fc00a2c39e90264f33305004495a9","hash":"023fb29bb08605bb6ee1a286e5658f3ecba58f86"}
,"/Users/naomekizza/Desktop/cord-fe-challenge-2022/src/components/loader.js": {"path":"/Users/naomekizza/Desktop/cord-fe-challenge-2022/src/components/loader.js","statementMap":{"0":{"start":{"line":8,"column":4},"end":{"line":13,"column":5}},"1":{"start":{"line":17,"column":13},"end":{"line":65,"column":1}}},"fnMap":{"0":{"name":"LoadingAnimation","decl":{"start":{"line":7,"column":24},"end":{"line":7,"column":40}},"loc":{"start":{"line":7,"column":43},"end":{"line":15,"column":1}},"line":7}},"branchMap":{},"s":{"0":0,"1":0},"f":{"0":0},"b":{}}
,"/Users/naomekizza/Desktop/cord-fe-challenge-2022/src/components/newLoader.js": {"path":"/Users/naomekizza/Desktop/cord-fe-challenge-2022/src/components/newLoader.js","statementMap":{"0":{"start":{"line":8,"column":4},"end":{"line":13,"column":5}},"1":{"start":{"line":17,"column":13},"end":{"line":53,"column":1}}},"fnMap":{"0":{"name":"Loading","decl":{"start":{"line":7,"column":24},"end":{"line":7,"column":31}},"loc":{"start":{"line":7,"column":34},"end":{"line":15,"column":1}},"line":7}},"branchMap":{},"s":{"0":0,"1":1},"f":{"0":0},"b":{},"_coverageSchema":"1a1c01bbd47fc00a2c39e90264f33305004495a9","hash":"8d6e6f294c6bf11de367d494003cb65b799dd828"}
,"/Users/naomekizza/Desktop/cord-fe-challenge-2022/src/components/noInternt.js": {"path":"/Users/naomekizza/Desktop/cord-fe-challenge-2022/src/components/noInternt.js","statementMap":{"0":{"start":{"line":6,"column":4},"end":{"line":11,"column":5}},"1":{"start":{"line":15,"column":14},"end":{"line":31,"column":1}}},"fnMap":{"0":{"name":"NoInternet","decl":{"start":{"line":5,"column":24},"end":{"line":5,"column":34}},"loc":{"start":{"line":5,"column":60},"end":{"line":13,"column":1}},"line":5}},"branchMap":{},"s":{"0":0,"1":1},"f":{"0":0},"b":{},"_coverageSchema":"1a1c01bbd47fc00a2c39e90264f33305004495a9","hash":"95dac2d389a63e6cb0cd494a0b05474ba14a6915"}
,"/Users/naomekizza/Desktop/cord-fe-challenge-2022/src/components/accordionfilter/index.js": {"path":"/Users/naomekizza/Desktop/cord-fe-challenge-2022/src/components/accordionfilter/index.js","statementMap":{"0":{"start":{"line":6,"column":36},"end":{"line":6,"column":51}},"1":{"start":{"line":8,"column":4},"end":{"line":30,"column":5}},"2":{"start":{"line":10,"column":43},"end":{"line":10,"column":65}},"3":{"start":{"line":20,"column":28},"end":{"line":23,"column":34}},"4":{"start":{"line":34,"column":22},"end":{"line":34,"column":34}},"5":{"start":{"line":36,"column":23},"end":{"line":53,"column":1}},"6":{"start":{"line":55,"column":27},"end":{"line":63,"column":1}},"7":{"start":{"line":65,"column":25},"end":{"line":70,"column":1}},"8":{"start":{"line":72,"column":17},"end":{"line":99,"column":1}}},"fnMap":{"0":{"name":"ExpandableFilter","decl":{"start":{"line":4,"column":24},"end":{"line":4,"column":40}},"loc":{"start":{"line":4,"column":60},"end":{"line":31,"column":1}},"line":4},"1":{"name":"(anonymous_1)","decl":{"start":{"line":10,"column":37},"end":{"line":10,"column":38}},"loc":{"start":{"line":10,"column":43},"end":{"line":10,"column":65}},"line":10},"2":{"name":"(anonymous_2)","decl":{"start":{"line":19,"column":46},"end":{"line":19,"column":47}},"loc":{"start":{"line":20,"column":28},"end":{"line":23,"column":34}},"line":20}},"branchMap":{"0":{"loc":{"start":{"line":11,"column":37},"end":{"line":11,"column":57}},"type":"cond-expr","locations":[{"start":{"line":11,"column":48},"end":{"line":11,"column":51}},{"start":{"line":11,"column":54},"end":{"line":11,"column":57}}],"line":11},"1":{"loc":{"start":{"line":15,"column":13},"end":{"line":27,"column":35}},"type":"binary-expr","locations":[{"start":{"line":15,"column":13},"end":{"line":15,"column":21}},{"start":{"line":16,"column":16},"end":{"line":27,"column":35}}],"line":15},"2":{"loc":{"start":{"line":19,"column":25},"end":{"line":24,"column":25}},"type":"binary-expr","locations":[{"start":{"line":19,"column":25},"end":{"line":19,"column":31}},{"start":{"line":19,"column":35},"end":{"line":24,"column":25}}],"line":19}},"s":{"0":0,"1":0,"2":0,"3":0,"4":1,"5":1,"6":1,"7":1,"8":1},"f":{"0":0,"1":0,"2":0},"b":{"0":[0,0],"1":[0,0],"2":[0,0]},"_coverageSchema":"1a1c01bbd47fc00a2c39e90264f33305004495a9","hash":"cd2c75fafc972670530a3cb501550854d07e0b65"}
,"/Users/naomekizza/Desktop/cord-fe-challenge-2022/src/components/movieitem/index.js": {"path":"/Users/naomekizza/Desktop/cord-fe-challenge-2022/src/components/movieitem/index.js","statementMap":{"0":{"start":{"line":9,"column":19},"end":{"line":9,"column":53}},"1":{"start":{"line":11,"column":34},"end":{"line":11,"column":49}},"2":{"start":{"line":13,"column":2},"end":{"line":110,"column":3}},"3":{"start":{"line":34,"column":14},"end":{"line":51,"column":15}},"4":{"start":{"line":35,"column":16},"end":{"line":50,"column":19}},"5":{"start":{"line":63,"column":62},"end":{"line":63,"column":79}},"6":{"start":{"line":70,"column":60},"end":{"line":70,"column":78}},"7":{"start":{"line":90,"column":62},"end":{"line":90,"column":79}},"8":{"start":{"line":97,"column":60},"end":{"line":97,"column":78}},"9":{"start":{"line":113,"column":25},"end":{"line":120,"column":1}},"10":{"start":{"line":122,"column":17},"end":{"line":139,"column":1}},"11":{"start":{"line":141,"column":18},"end":{"line":145,"column":1}},"12":{"start":{"line":147,"column":15},"end":{"line":151,"column":1}},"13":{"start":{"line":153,"column":14},"end":{"line":170,"column":1}},"14":{"start":{"line":172,"column":15},"end":{"line":198,"column":1}},"15":{"start":{"line":200,"column":14},"end":{"line":261,"column":1}},"16":{"start":{"line":263,"column":26},"end":{"line":279,"column":1}},"17":{"start":{"line":281,"column":20},"end":{"line":304,"column":1}},"18":{"start":{"line":306,"column":13},"end":{"line":321,"column":1}}},"fnMap":{"0":{"name":"MovieItem","decl":{"start":{"line":7,"column":24},"end":{"line":7,"column":33}},"loc":{"start":{"line":7,"column":53},"end":{"line":111,"column":1}},"line":7},"1":{"name":"(anonymous_1)","decl":{"start":{"line":33,"column":24},"end":{"line":33,"column":25}},"loc":{"start":{"line":34,"column":14},"end":{"line":51,"column":15}},"line":34},"2":{"name":"(anonymous_2)","decl":{"start":{"line":34,"column":34},"end":{"line":34,"column":35}},"loc":{"start":{"line":35,"column":16},"end":{"line":50,"column":19}},"line":35},"3":{"name":"(anonymous_3)","decl":{"start":{"line":63,"column":56},"end":{"line":63,"column":57}},"loc":{"start":{"line":63,"column":62},"end":{"line":63,"column":79}},"line":63},"4":{"name":"(anonymous_4)","decl":{"start":{"line":70,"column":54},"end":{"line":70,"column":55}},"loc":{"start":{"line":70,"column":60},"end":{"line":70,"column":78}},"line":70},"5":{"name":"(anonymous_5)","decl":{"start":{"line":90,"column":56},"end":{"line":90,"column":57}},"loc":{"start":{"line":90,"column":62},"end":{"line":90,"column":79}},"line":90},"6":{"name":"(anonymous_6)","decl":{"start":{"line":97,"column":54},"end":{"line":97,"column":55}},"loc":{"start":{"line":97,"column":60},"end":{"line":97,"column":78}},"line":97}},"branchMap":{"0":{"loc":{"start":{"line":18,"column":15},"end":{"line":18,"column":77}},"type":"cond-expr","locations":[{"start":{"line":18,"column":35},"end":{"line":18,"column":63}},{"start":{"line":18,"column":66},"end":{"line":18,"column":77}}],"line":18},"1":{"loc":{"start":{"line":30,"column":26},"end":{"line":30,"column":122}},"type":"cond-expr","locations":[{"start":{"line":30,"column":55},"end":{"line":30,"column":69}},{"start":{"line":30,"column":72},"end":{"line":30,"column":122}}],"line":30},"2":{"loc":{"start":{"line":30,"column":72},"end":{"line":30,"column":122}},"type":"cond-expr","locations":[{"start":{"line":30,"column":101},"end":{"line":30,"column":117}},{"start":{"line":30,"column":120},"end":{"line":30,"column":122}}],"line":30},"3":{"loc":{"start":{"line":36,"column":19},"end":{"line":48,"column":23}},"type":"binary-expr","locations":[{"start":{"line":36,"column":19},"end":{"line":36,"column":40}},{"start":{"line":37,"column":20},"end":{"line":48,"column":23}}],"line":36},"4":{"loc":{"start":{"line":38,"column":23},"end":{"line":46,"column":27}},"type":"cond-expr","locations":[{"start":{"line":40,"column":24},"end":{"line":42,"column":27}},{"start":{"line":44,"column":24},"end":{"line":46,"column":27}}],"line":38},"5":{"loc":{"start":{"line":56,"column":11},"end":{"line":77,"column":42}},"type":"cond-expr","locations":[{"start":{"line":58,"column":12},"end":{"line":75,"column":15}},{"start":{"line":77,"column":12},"end":{"line":77,"column":42}}],"line":56},"6":{"loc":{"start":{"line":59,"column":15},"end":{"line":73,"column":23}},"type":"cond-expr","locations":[{"start":{"line":62,"column":18},"end":{"line":66,"column":25}},{"start":{"line":69,"column":16},"end":{"line":73,"column":23}}],"line":59},"7":{"loc":{"start":{"line":82,"column":11},"end":{"line":104,"column":42}},"type":"cond-expr","locations":[{"start":{"line":84,"column":12},"end":{"line":102,"column":15}},{"start":{"line":104,"column":12},"end":{"line":104,"column":42}}],"line":82},"8":{"loc":{"start":{"line":85,"column":15},"end":{"line":100,"column":23}},"type":"cond-expr","locations":[{"start":{"line":88,"column":18},"end":{"line":93,"column":25}},{"start":{"line":96,"column":16},"end":{"line":100,"column":23}}],"line":85}},"s":{"0":0,"1":0,"2":0,"3":0,"4":0,"5":0,"6":0,"7":0,"8":0,"9":1,"10":1,"11":1,"12":1,"13":1,"14":1,"15":1,"16":1,"17":1,"18":1},"f":{"0":0,"1":0,"2":0,"3":0,"4":0,"5":0,"6":0},"b":{"0":[0,0],"1":[0,0],"2":[0,0],"3":[0,0],"4":[0,0],"5":[0,0],"6":[0,0],"7":[0,0],"8":[0,0]},"_coverageSchema":"1a1c01bbd47fc00a2c39e90264f33305004495a9","hash":"b5b453f80c7058eae5da6b61c223208eaa4a8963"}
,"/Users/naomekizza/Desktop/cord-fe-challenge-2022/src/components/searchfilter/index.js": {"path":"/Users/naomekizza/Desktop/cord-fe-challenge-2022/src/components/searchfilter/index.js","statementMap":{"0":{"start":{"line":13,"column":2},"end":{"line":51,"column":4}},"1":{"start":{"line":54,"column":23},"end":{"line":56,"column":1}},"2":{"start":{"line":58,"column":26},"end":{"line":71,"column":1}},"3":{"start":{"line":68,"column":13},"end":{"line":70,"column":3}},"4":{"start":{"line":73,"column":22},"end":{"line":75,"column":1}}},"fnMap":{"0":{"name":"SearchFilters","decl":{"start":{"line":11,"column":24},"end":{"line":11,"column":37}},"loc":{"start":{"line":11,"column":94},"end":{"line":52,"column":1}},"line":11},"1":{"name":"(anonymous_1)","decl":{"start":{"line":68,"column":4},"end":{"line":68,"column":5}},"loc":{"start":{"line":68,"column":13},"end":{"line":70,"column":3}},"line":68}},"branchMap":{"0":{"loc":{"start":{"line":68,"column":13},"end":{"line":70,"column":3}},"type":"binary-expr","locations":[{"start":{"line":68,"column":13},"end":{"line":68,"column":31}},{"start":{"line":68,"column":35},"end":{"line":70,"column":3}}],"line":68}},"s":{"0":0,"1":1,"2":1,"3":0,"4":1},"f":{"0":0,"1":0},"b":{"0":[0,0]},"_coverageSchema":"1a1c01bbd47fc00a2c39e90264f33305004495a9","hash":"ebf2fc719422aabfca7cefe255fc22e736190c82"}
,"/Users/naomekizza/Desktop/cord-fe-challenge-2022/src/components/sidenavbar/index.js": {"path":"/Users/naomekizza/Desktop/cord-fe-challenge-2022/src/components/sidenavbar/index.js","statementMap":{"0":{"start":{"line":13,"column":30},"end":{"line":13,"column":45}},"1":{"start":{"line":16,"column":21},"end":{"line":18,"column":3}},"2":{"start":{"line":17,"column":4},"end":{"line":17,"column":23}},"3":{"start":{"line":20,"column":2},"end":{"line":53,"column":4}},"4":{"start":{"line":24,"column":33},"end":{"line":24,"column":49}},"5":{"start":{"line":56,"column":23},"end":{"line":68,"column":1}},"6":{"start":{"line":70,"column":23},"end":{"line":79,"column":1}},"7":{"start":{"line":81,"column":24},"end":{"line":91,"column":1}},"8":{"start":{"line":93,"column":22},"end":{"line":100,"column":1}},"9":{"start":{"line":102,"column":28},"end":{"line":106,"column":1}},"10":{"start":{"line":108,"column":19},"end":{"line":111,"column":1}},"11":{"start":{"line":113,"column":16},"end":{"line":129,"column":1}},"12":{"start":{"line":131,"column":22},"end":{"line":169,"column":1}},"13":{"start":{"line":171,"column":18},"end":{"line":211,"column":1}}},"fnMap":{"0":{"name":"SideNavBar","decl":{"start":{"line":12,"column":24},"end":{"line":12,"column":34}},"loc":{"start":{"line":12,"column":37},"end":{"line":54,"column":1}},"line":12},"1":{"name":"(anonymous_1)","decl":{"start":{"line":16,"column":21},"end":{"line":16,"column":22}},"loc":{"start":{"line":16,"column":27},"end":{"line":18,"column":3}},"line":16},"2":{"name":"(anonymous_2)","decl":{"start":{"line":24,"column":27},"end":{"line":24,"column":28}},"loc":{"start":{"line":24,"column":33},"end":{"line":24,"column":49}},"line":24},"3":{"name":"(anonymous_3)","decl":{"start":{"line":24,"column":53},"end":{"line":24,"column":54}},"loc":{"start":{"line":24,"column":59},"end":{"line":24,"column":62}},"line":24}},"branchMap":{"0":{"loc":{"start":{"line":23,"column":19},"end":{"line":23,"column":40}},"type":"cond-expr","locations":[{"start":{"line":23,"column":28},"end":{"line":23,"column":35}},{"start":{"line":23,"column":38},"end":{"line":23,"column":40}}],"line":23},"1":{"loc":{"start":{"line":24,"column":17},"end":{"line":24,"column":62}},"type":"cond-expr","locations":[{"start":{"line":24,"column":27},"end":{"line":24,"column":49}},{"start":{"line":24,"column":53},"end":{"line":24,"column":62}}],"line":24},"2":{"loc":{"start":{"line":27,"column":32},"end":{"line":27,"column":57}},"type":"cond-expr","locations":[{"start":{"line":27,"column":41},"end":{"line":27,"column":52}},{"start":{"line":27,"column":55},"end":{"line":27,"column":57}}],"line":27},"3":{"loc":{"start":{"line":31,"column":33},"end":{"line":31,"column":56}},"type":"cond-expr","locations":[{"start":{"line":31,"column":42},"end":{"line":31,"column":51}},{"start":{"line":31,"column":54},"end":{"line":31,"column":56}}],"line":31},"4":{"loc":{"start":{"line":32,"column":30},"end":{"line":32,"column":53}},"type":"cond-expr","locations":[{"start":{"line":32,"column":39},"end":{"line":32,"column":48}},{"start":{"line":32,"column":51},"end":{"line":32,"column":53}}],"line":32}},"s":{"0":1,"1":1,"2":0,"3":1,"4":0,"5":1,"6":1,"7":1,"8":1,"9":1,"10":1,"11":1,"12":1,"13":1},"f":{"0":1,"1":0,"2":0,"3":0},"b":{"0":[0,1],"1":[0,1],"2":[0,1],"3":[0,1],"4":[0,1]},"_coverageSchema":"1a1c01bbd47fc00a2c39e90264f33305004495a9","hash":"f7b07ffbae3c8fe4c439cc9c327119042e097094"}
,"/Users/naomekizza/Desktop/cord-fe-challenge-2022/src/pages/discover/index.js": {"path":"/Users/naomekizza/Desktop/cord-fe-challenge-2022/src/pages/discover/index.js","statementMap":{"0":{"start":{"line":23,"column":4},"end":{"line":23,"column":17}},"1":{"start":{"line":25,"column":4},"end":{"line":51,"column":5}},"2":{"start":{"line":56,"column":4},"end":{"line":56,"column":25}},"3":{"start":{"line":57,"column":4},"end":{"line":57,"column":29}},"4":{"start":{"line":64,"column":22},"end":{"line":83,"column":3}},"5":{"start":{"line":65,"column":4},"end":{"line":67,"column":6}},"6":{"start":{"line":69,"column":28},"end":{"line":69,"column":60}},"7":{"start":{"line":71,"column":4},"end":{"line":82,"column":5}},"8":{"start":{"line":72,"column":6},"end":{"line":76,"column":8}},"9":{"start":{"line":78,"column":6},"end":{"line":81,"column":8}},"10":{"start":{"line":88,"column":18},"end":{"line":99,"column":3}},"11":{"start":{"line":89,"column":28},"end":{"line":89,"column":56}},"12":{"start":{"line":90,"column":4},"end":{"line":98,"column":5}},"13":{"start":{"line":91,"column":6},"end":{"line":93,"column":8}},"14":{"start":{"line":95,"column":6},"end":{"line":97,"column":8}},"15":{"start":{"line":104,"column":17},"end":{"line":123,"column":3}},"16":{"start":{"line":105,"column":4},"end":{"line":107,"column":6}},"17":{"start":{"line":108,"column":28},"end":{"line":108,"column":72}},"18":{"start":{"line":109,"column":4},"end":{"line":122,"column":5}},"19":{"start":{"line":110,"column":6},"end":{"line":114,"column":8}},"20":{"start":{"line":116,"column":6},"end":{"line":121,"column":8}},"21":{"start":{"line":126,"column":19},"end":{"line":148,"column":3}},"22":{"start":{"line":127,"column":4},"end":{"line":132,"column":5}},"23":{"start":{"line":128,"column":6},"end":{"line":131,"column":8}},"24":{"start":{"line":133,"column":4},"end":{"line":146,"column":5}},"25":{"start":{"line":134,"column":6},"end":{"line":137,"column":58}},"26":{"start":{"line":137,"column":15},"end":{"line":137,"column":56}},"27":{"start":{"line":140,"column":6},"end":{"line":144,"column":8}},"28":{"start":{"line":150,"column":17},"end":{"line":182,"column":3}},"29":{"start":{"line":152,"column":4},"end":{"line":157,"column":5}},"30":{"start":{"line":153,"column":6},"end":{"line":156,"column":8}},"31":{"start":{"line":158,"column":4},"end":{"line":181,"column":5}},"32":{"start":{"line":159,"column":6},"end":{"line":161,"column":8}},"33":{"start":{"line":163,"column":6},"end":{"line":174,"column":7}},"34":{"start":{"line":164,"column":8},"end":{"line":168,"column":9}},"35":{"start":{"line":165,"column":10},"end":{"line":167,"column":65}},"36":{"start":{"line":167,"column":19},"end":{"line":167,"column":63}},"37":{"start":{"line":170,"column":8},"end":{"line":173,"column":10}},"38":{"start":{"line":177,"column":6},"end":{"line":179,"column":8}},"39":{"start":{"line":184,"column":22},"end":{"line":188,"column":3}},"40":{"start":{"line":185,"column":4},"end":{"line":187,"column":6}},"41":{"start":{"line":199,"column":82},"end":{"line":199,"column":92}},"42":{"start":{"line":201,"column":4},"end":{"line":279,"column":5}},"43":{"start":{"line":217,"column":30},"end":{"line":217,"column":54}},"44":{"start":{"line":263,"column":45},"end":{"line":263,"column":77}},"45":{"start":{"line":283,"column":24},"end":{"line":290,"column":1}},"46":{"start":{"line":292,"column":21},"end":{"line":305,"column":1}},"47":{"start":{"line":307,"column":21},"end":{"line":324,"column":1}},"48":{"start":{"line":326,"column":21},"end":{"line":330,"column":1}},"49":{"start":{"line":333,"column":24},"end":{"line":343,"column":1}},"50":{"start":{"line":345,"column":28},"end":{"line":365,"column":1}},"51":{"start":{"line":367,"column":34},"end":{"line":387,"column":1}},"52":{"start":{"line":389,"column":19},"end":{"line":398,"column":1}},"53":{"start":{"line":400,"column":18},"end":{"line":402,"column":1}},"54":{"start":{"line":405,"column":26},"end":{"line":411,"column":1}},"55":{"start":{"line":413,"column":22},"end":{"line":421,"column":1}}},"fnMap":{"0":{"name":"(anonymous_0)","decl":{"start":{"line":22,"column":2},"end":{"line":22,"column":3}},"loc":{"start":{"line":22,"column":21},"end":{"line":53,"column":3}},"line":22},"1":{"name":"(anonymous_1)","decl":{"start":{"line":55,"column":2},"end":{"line":55,"column":3}},"loc":{"start":{"line":55,"column":22},"end":{"line":58,"column":3}},"line":55},"2":{"name":"(anonymous_2)","decl":{"start":{"line":64,"column":22},"end":{"line":64,"column":23}},"loc":{"start":{"line":64,"column":34},"end":{"line":83,"column":3}},"line":64},"3":{"name":"(anonymous_3)","decl":{"start":{"line":88,"column":18},"end":{"line":88,"column":19}},"loc":{"start":{"line":88,"column":30},"end":{"line":99,"column":3}},"line":88},"4":{"name":"(anonymous_4)","decl":{"start":{"line":104,"column":17},"end":{"line":104,"column":18}},"loc":{"start":{"line":104,"column":42},"end":{"line":123,"column":3}},"line":104},"5":{"name":"(anonymous_5)","decl":{"start":{"line":126,"column":19},"end":{"line":126,"column":20}},"loc":{"start":{"line":126,"column":34},"end":{"line":148,"column":3}},"line":126},"6":{"name":"(anonymous_6)","decl":{"start":{"line":137,"column":9},"end":{"line":137,"column":10}},"loc":{"start":{"line":137,"column":15},"end":{"line":137,"column":56}},"line":137},"7":{"name":"(anonymous_7)","decl":{"start":{"line":150,"column":17},"end":{"line":150,"column":18}},"loc":{"start":{"line":150,"column":32},"end":{"line":182,"column":3}},"line":150},"8":{"name":"(anonymous_8)","decl":{"start":{"line":167,"column":13},"end":{"line":167,"column":14}},"loc":{"start":{"line":167,"column":19},"end":{"line":167,"column":63}},"line":167},"9":{"name":"(anonymous_9)","decl":{"start":{"line":184,"column":22},"end":{"line":184,"column":23}},"loc":{"start":{"line":184,"column":28},"end":{"line":188,"column":3}},"line":184},"10":{"name":"(anonymous_10)","decl":{"start":{"line":198,"column":2},"end":{"line":198,"column":3}},"loc":{"start":{"line":198,"column":11},"end":{"line":280,"column":3}},"line":198},"11":{"name":"(anonymous_11)","decl":{"start":{"line":217,"column":24},"end":{"line":217,"column":25}},"loc":{"start":{"line":217,"column":30},"end":{"line":217,"column":54}},"line":217},"12":{"name":"(anonymous_12)","decl":{"start":{"line":263,"column":26},"end":{"line":263,"column":27}},"loc":{"start":{"line":263,"column":45},"end":{"line":263,"column":77}},"line":263}},"branchMap":{"0":{"loc":{"start":{"line":71,"column":4},"end":{"line":82,"column":5}},"type":"if","locations":[{"start":{"line":71,"column":4},"end":{"line":82,"column":5}},{"start":{"line":77,"column":11},"end":{"line":82,"column":5}}],"line":71},"1":{"loc":{"start":{"line":90,"column":4},"end":{"line":98,"column":5}},"type":"if","locations":[{"start":{"line":90,"column":4},"end":{"line":98,"column":5}},{"start":{"line":94,"column":11},"end":{"line":98,"column":5}}],"line":90},"2":{"loc":{"start":{"line":109,"column":4},"end":{"line":122,"column":5}},"type":"if","locations":[{"start":{"line":109,"column":4},"end":{"line":122,"column":5}},{"start":{"line":115,"column":11},"end":{"line":122,"column":5}}],"line":109},"3":{"loc":{"start":{"line":127,"column":4},"end":{"line":132,"column":5}},"type":"if","locations":[{"start":{"line":127,"column":4},"end":{"line":132,"column":5}},{"start":{},"end":{}}],"line":127},"4":{"loc":{"start":{"line":133,"column":4},"end":{"line":146,"column":5}},"type":"if","locations":[{"start":{"line":133,"column":4},"end":{"line":146,"column":5}},{"start":{"line":138,"column":11},"end":{"line":146,"column":5}}],"line":133},"5":{"loc":{"start":{"line":152,"column":4},"end":{"line":157,"column":5}},"type":"if","locations":[{"start":{"line":152,"column":4},"end":{"line":157,"column":5}},{"start":{},"end":{}}],"line":152},"6":{"loc":{"start":{"line":158,"column":4},"end":{"line":181,"column":5}},"type":"if","locations":[{"start":{"line":158,"column":4},"end":{"line":181,"column":5}},{"start":{"line":176,"column":11},"end":{"line":181,"column":5}}],"line":158},"7":{"loc":{"start":{"line":163,"column":6},"end":{"line":174,"column":7}},"type":"if","locations":[{"start":{"line":163,"column":6},"end":{"line":174,"column":7}},{"start":{"line":169,"column":13},"end":{"line":174,"column":7}}],"line":163},"8":{"loc":{"start":{"line":164,"column":8},"end":{"line":168,"column":9}},"type":"if","locations":[{"start":{"line":164,"column":8},"end":{"line":168,"column":9}},{"start":{},"end":{}}],"line":164},"9":{"loc":{"start":{"line":222,"column":9},"end":{"line":250,"column":38}},"type":"binary-expr","locations":[{"start":{"line":222,"column":9},"end":{"line":222,"column":31}},{"start":{"line":223,"column":10},"end":{"line":250,"column":38}}],"line":222},"10":{"loc":{"start":{"line":255,"column":9},"end":{"line":255,"column":97}},"type":"cond-expr","locations":[{"start":{"line":255,"column":31},"end":{"line":255,"column":92}},{"start":{"line":255,"column":95},"end":{"line":255,"column":97}}],"line":255},"11":{"loc":{"start":{"line":256,"column":9},"end":{"line":256,"column":42}},"type":"binary-expr","locations":[{"start":{"line":256,"column":9},"end":{"line":256,"column":27}},{"start":{"line":256,"column":31},"end":{"line":256,"column":42}}],"line":256},"12":{"loc":{"start":{"line":258,"column":11},"end":{"line":258,"column":88}},"type":"binary-expr","locations":[{"start":{"line":258,"column":11},"end":{"line":258,"column":31}},{"start":{"line":258,"column":35},"end":{"line":258,"column":88}}],"line":258},"13":{"loc":{"start":{"line":266,"column":21},"end":{"line":266,"column":54}},"type":"cond-expr","locations":[{"start":{"line":266,"column":42},"end":{"line":266,"column":46}},{"start":{"line":266,"column":49},"end":{"line":266,"column":54}}],"line":266},"14":{"loc":{"start":{"line":271,"column":11},"end":{"line":271,"column":49}},"type":"binary-expr","locations":[{"start":{"line":271,"column":11},"end":{"line":271,"column":30}},{"start":{"line":271,"column":34},"end":{"line":271,"column":49}}],"line":271},"15":{"loc":{"start":{"line":274,"column":20},"end":{"line":274,"column":33}},"type":"binary-expr","locations":[{"start":{"line":274,"column":20},"end":{"line":274,"column":27}},{"start":{"line":274,"column":31},"end":{"line":274,"column":33}}],"line":274},"16":{"loc":{"start":{"line":275,"column":20},"end":{"line":275,"column":38}},"type":"binary-expr","locations":[{"start":{"line":275,"column":20},"end":{"line":275,"column":32}},{"start":{"line":275,"column":36},"end":{"line":275,"column":38}}],"line":275}},"s":{"0":0,"1":0,"2":0,"3":0,"4":0,"5":0,"6":0,"7":0,"8":0,"9":0,"10":0,"11":0,"12":0,"13":0,"14":0,"15":0,"16":0,"17":0,"18":0,"19":0,"20":0,"21":0,"22":0,"23":0,"24":0,"25":0,"26":0,"27":0,"28":0,"29":0,"30":0,"31":0,"32":0,"33":0,"34":0,"35":0,"36":0,"37":0,"38":0,"39":0,"40":0,"41":0,"42":0,"43":0,"44":0,"45":1,"46":1,"47":1,"48":1,"49":1,"50":1,"51":1,"52":1,"53":1,"54":1,"55":1},"f":{"0":0,"1":0,"2":0,"3":0,"4":0,"5":0,"6":0,"7":0,"8":0,"9":0,"10":0,"11":0,"12":0},"b":{"0":[0,0],"1":[0,0],"2":[0,0],"3":[0,0],"4":[0,0],"5":[0,0],"6":[0,0],"7":[0,0],"8":[0,0],"9":[0,0],"10":[0,0],"11":[0,0],"12":[0,0],"13":[0,0],"14":[0,0],"15":[0,0],"16":[0,0]},"_coverageSchema":"1a1c01bbd47fc00a2c39e90264f33305004495a9","hash":"79ca718333db0d65ec95d3b348d639e1fa426505"}
}
