TN:
SF:src/fetcher.js
FN:12,(anonymous_0)
FN:40,(anonymous_1)
FN:65,(anonymous_2)
FNF:3
FNH:3
FNDA:1,(anonymous_0)
FNDA:2,(anonymous_1)
FNDA:1,(anonymous_2)
DA:6,3
DA:7,3
DA:12,3
DA:14,1
DA:16,1
DA:17,1
DA:23,1
DA:26,0
DA:33,0
DA:40,3
DA:42,2
DA:44,2
DA:45,2
DA:50,2
DA:52,0
DA:59,0
DA:65,3
DA:66,1
DA:67,1
DA:69,1
DA:70,1
DA:71,1
DA:74,0
DA:75,0
LF:24
LH:18
BRF:0
BRH:0
end_of_record
TN:
SF:src/Context/FetcherContext.js
FN:16,(anonymous_0)
FN:24,(anonymous_1)
FN:38,(anonymous_2)
FNF:3
FNH:3
FNDA:1,(anonymous_0)
FNDA:1,(anonymous_1)
FNDA:1,(anonymous_2)
DA:6,3
DA:11,1
DA:17,1
DA:24,1
DA:25,1
DA:26,1
DA:27,0
DA:31,0
DA:40,1
LF:9
LH:7
BRDA:26,0,0,0
BRDA:26,0,1,0
BRF:2
BRH:0
end_of_record
TN:
SF:src/pages/discover/index.js
FN:27,(anonymous_0)
FN:65,(anonymous_1)
FN:73,(anonymous_2)
FN:102,(anonymous_3)
FN:125,(anonymous_4)
FN:136,(anonymous_5)
FN:149,(anonymous_6)
FN:166,(anonymous_7)
FN:183,(anonymous_8)
FN:189,(anonymous_9)
FN:193,(anonymous_10)
FN:196,(anonymous_11)
FN:206,(anonymous_12)
FN:213,(anonymous_13)
FN:219,(anonymous_14)
FN:238,(anonymous_15)
FN:261,(anonymous_16)
FN:307,(anonymous_17)
FNF:18
FNH:0
FNDA:0,(anonymous_0)
FNDA:0,(anonymous_1)
FNDA:0,(anonymous_2)
FNDA:0,(anonymous_3)
FNDA:0,(anonymous_4)
FNDA:0,(anonymous_5)
FNDA:0,(anonymous_6)
FNDA:0,(anonymous_7)
FNDA:0,(anonymous_8)
FNDA:0,(anonymous_9)
FNDA:0,(anonymous_10)
FNDA:0,(anonymous_11)
FNDA:0,(anonymous_12)
FNDA:0,(anonymous_13)
FNDA:0,(anonymous_14)
FNDA:0,(anonymous_15)
FNDA:0,(anonymous_16)
FNDA:0,(anonymous_17)
DA:25,2
DA:28,0
DA:30,0
DA:66,0
DA:73,0
DA:74,0
DA:78,0
DA:79,0
DA:81,0
DA:82,0
DA:90,0
DA:102,0
DA:103,0
DA:106,0
DA:107,0
DA:108,0
DA:115,0
DA:125,0
DA:126,0
DA:127,0
DA:132,0
DA:133,0
DA:136,0
DA:139,0
DA:149,0
DA:151,0
DA:152,0
DA:157,0
DA:158,0
DA:162,0
DA:163,0
DA:164,0
DA:166,0
DA:169,0
DA:176,0
DA:183,0
DA:184,0
DA:189,0
DA:190,0
DA:193,0
DA:196,0
DA:198,0
DA:199,0
DA:201,0
DA:202,0
DA:207,0
DA:213,0
DA:214,0
DA:215,0
DA:216,0
DA:220,0
DA:239,0
DA:241,0
DA:245,0
DA:261,0
DA:307,0
DA:352,2
DA:361,2
DA:367,2
DA:382,2
DA:401,2
DA:408,2
DA:420,2
DA:442,2
DA:464,2
DA:475,2
DA:480,2
DA:488,2
LF:68
LH:13
BRDA:81,0,0,0
BRDA:81,0,1,0
BRDA:107,1,0,0
BRDA:107,1,1,0
BRDA:126,2,0,0
BRDA:126,2,1,0
BRDA:132,3,0,0
BRDA:132,3,1,0
BRDA:151,4,0,0
BRDA:151,4,1,0
BRDA:157,5,0,0
BRDA:157,5,1,0
BRDA:162,6,0,0
BRDA:162,6,1,0
BRDA:163,7,0,0
BRDA:163,7,1,0
BRDA:201,8,0,0
BRDA:201,8,1,0
BRDA:215,9,0,0
BRDA:215,9,1,0
BRDA:266,10,0,0
BRDA:266,10,1,0
BRDA:300,11,0,0
BRDA:300,11,1,0
BRDA:302,12,0,0
BRDA:302,12,1,0
BRDA:310,13,0,0
BRDA:310,13,1,0
BRDA:318,14,0,0
BRDA:318,14,1,0
BRDA:321,15,0,0
BRDA:321,15,1,0
BRDA:332,16,0,0
BRDA:332,16,1,0
BRDA:335,17,0,0
BRDA:335,17,1,0
BRDA:336,18,0,0
BRDA:336,18,1,0
BRDA:340,19,0,0
BRDA:340,19,1,0
BRF:40
BRH:0
end_of_record
