TN:
SF:src/colors.js
FNF:0
FNH:0
DA:1,1
DA:2,1
DA:3,1
DA:4,1
DA:5,1
DA:6,1
LF:6
LH:6
BRF:0
BRH:0
end_of_record
TN:
SF:src/fetcher.js
FN:12,(anonymous_0)
FN:40,(anonymous_1)
FN:65,(anonymous_2)
FNF:3
FNH:3
FNDA:1,(anonymous_0)
FNDA:1,(anonymous_1)
FNDA:1,(anonymous_2)
DA:6,2
DA:7,2
DA:12,2
DA:14,1
DA:15,1
DA:17,1
DA:18,1
DA:24,1
DA:26,0
DA:33,0
DA:40,2
DA:42,1
DA:44,1
DA:45,1
DA:50,1
DA:52,0
DA:59,0
DA:65,2
DA:67,1
DA:68,1
DA:70,1
DA:71,1
DA:73,1
DA:74,1
DA:75,1
DA:78,0
DA:79,0
LF:27
LH:21
BRF:0
BRH:0
end_of_record
TN:
SF:src/components/loader.js
FN:7,LoadingAnimation
FNF:1
FNH:0
FNDA:0,LoadingAnimation
DA:8,0
DA:17,0
LF:2
LH:0
BRF:0
BRH:0
end_of_record
TN:
SF:src/components/newLoader.js
FN:7,Loading
FNF:1
FNH:0
FNDA:0,Loading
DA:8,0
DA:17,1
LF:2
LH:1
BRF:0
BRH:0
end_of_record
TN:
SF:src/components/noInternt.js
FN:5,NoInternet
FNF:1
FNH:0
FNDA:0,NoInternet
DA:6,0
DA:15,1
LF:2
LH:1
BRF:0
BRH:0
end_of_record
TN:
SF:src/components/accordionfilter/index.js
FN:4,ExpandableFilter
FN:10,(anonymous_1)
FN:19,(anonymous_2)
FNF:3
FNH:0
FNDA:0,ExpandableFilter
FNDA:0,(anonymous_1)
FNDA:0,(anonymous_2)
DA:6,0
DA:8,0
DA:10,0
DA:20,0
DA:34,1
DA:36,1
DA:55,1
DA:65,1
DA:72,1
LF:9
LH:5
BRDA:11,0,0,0
BRDA:11,0,1,0
BRDA:15,1,0,0
BRDA:15,1,1,0
BRDA:19,2,0,0
BRDA:19,2,1,0
BRF:6
BRH:0
end_of_record
TN:
SF:src/components/movieitem/index.js
FN:7,MovieItem
FN:33,(anonymous_1)
FN:34,(anonymous_2)
FN:63,(anonymous_3)
FN:70,(anonymous_4)
FN:90,(anonymous_5)
FN:97,(anonymous_6)
FNF:7
FNH:0
FNDA:0,MovieItem
FNDA:0,(anonymous_1)
FNDA:0,(anonymous_2)
FNDA:0,(anonymous_3)
FNDA:0,(anonymous_4)
FNDA:0,(anonymous_5)
FNDA:0,(anonymous_6)
DA:9,0
DA:11,0
DA:13,0
DA:34,0
DA:35,0
DA:63,0
DA:70,0
DA:90,0
DA:97,0
DA:113,1
DA:122,1
DA:141,1
DA:147,1
DA:153,1
DA:172,1
DA:200,1
DA:263,1
DA:281,1
DA:306,1
LF:19
LH:10
BRDA:18,0,0,0
BRDA:18,0,1,0
BRDA:30,1,0,0
BRDA:30,1,1,0
BRDA:30,2,0,0
BRDA:30,2,1,0
BRDA:36,3,0,0
BRDA:36,3,1,0
BRDA:38,4,0,0
BRDA:38,4,1,0
BRDA:56,5,0,0
BRDA:56,5,1,0
BRDA:59,6,0,0
BRDA:59,6,1,0
BRDA:82,7,0,0
BRDA:82,7,1,0
BRDA:85,8,0,0
BRDA:85,8,1,0
BRF:18
BRH:0
end_of_record
TN:
SF:src/components/searchfilter/index.js
FN:11,SearchFilters
FN:68,(anonymous_1)
FNF:2
FNH:0
FNDA:0,SearchFilters
FNDA:0,(anonymous_1)
DA:13,0
DA:54,1
DA:58,1
DA:68,0
DA:73,1
LF:5
LH:3
BRDA:68,0,0,0
BRDA:68,0,1,0
BRF:2
BRH:0
end_of_record
TN:
SF:src/components/sidenavbar/index.js
FN:12,SideNavBar
FN:16,(anonymous_1)
FN:24,(anonymous_2)
FN:24,(anonymous_3)
FNF:4
FNH:1
FNDA:1,SideNavBar
FNDA:0,(anonymous_1)
FNDA:0,(anonymous_2)
FNDA:0,(anonymous_3)
DA:13,1
DA:16,1
DA:17,0
DA:20,1
DA:24,0
DA:56,1
DA:70,1
DA:81,1
DA:93,1
DA:102,1
DA:108,1
DA:113,1
DA:131,1
DA:171,1
LF:14
LH:12
BRDA:23,0,0,0
BRDA:23,0,1,1
BRDA:24,1,0,0
BRDA:24,1,1,1
BRDA:27,2,0,0
BRDA:27,2,1,1
BRDA:31,3,0,0
BRDA:31,3,1,1
BRDA:32,4,0,0
BRDA:32,4,1,1
BRF:10
BRH:5
end_of_record
TN:
SF:src/pages/discover/index.js
FN:22,(anonymous_0)
FN:55,(anonymous_1)
FN:64,(anonymous_2)
FN:88,(anonymous_3)
FN:104,(anonymous_4)
FN:126,(anonymous_5)
FN:137,(anonymous_6)
FN:150,(anonymous_7)
FN:167,(anonymous_8)
FN:184,(anonymous_9)
FN:198,(anonymous_10)
FN:217,(anonymous_11)
FN:263,(anonymous_12)
FNF:13
FNH:0
FNDA:0,(anonymous_0)
FNDA:0,(anonymous_1)
FNDA:0,(anonymous_2)
FNDA:0,(anonymous_3)
FNDA:0,(anonymous_4)
FNDA:0,(anonymous_5)
FNDA:0,(anonymous_6)
FNDA:0,(anonymous_7)
FNDA:0,(anonymous_8)
FNDA:0,(anonymous_9)
FNDA:0,(anonymous_10)
FNDA:0,(anonymous_11)
FNDA:0,(anonymous_12)
DA:23,0
DA:25,0
DA:56,0
DA:57,0
DA:64,0
DA:65,0
DA:69,0
DA:71,0
DA:72,0
DA:78,0
DA:88,0
DA:89,0
DA:90,0
DA:91,0
DA:95,0
DA:104,0
DA:105,0
DA:108,0
DA:109,0
DA:110,0
DA:116,0
DA:126,0
DA:127,0
DA:128,0
DA:133,0
DA:134,0
DA:137,0
DA:140,0
DA:150,0
DA:152,0
DA:153,0
DA:158,0
DA:159,0
DA:163,0
DA:164,0
DA:165,0
DA:167,0
DA:170,0
DA:177,0
DA:184,0
DA:185,0
DA:199,0
DA:201,0
DA:217,0
DA:263,0
DA:283,1
DA:292,1
DA:307,1
DA:326,1
DA:333,1
DA:345,1
DA:367,1
DA:389,1
DA:400,1
DA:405,1
DA:413,1
LF:56
LH:11
BRDA:71,0,0,0
BRDA:71,0,1,0
BRDA:90,1,0,0
BRDA:90,1,1,0
BRDA:109,2,0,0
BRDA:109,2,1,0
BRDA:127,3,0,0
BRDA:127,3,1,0
BRDA:133,4,0,0
BRDA:133,4,1,0
BRDA:152,5,0,0
BRDA:152,5,1,0
BRDA:158,6,0,0
BRDA:158,6,1,0
BRDA:163,7,0,0
BRDA:163,7,1,0
BRDA:164,8,0,0
BRDA:164,8,1,0
BRDA:222,9,0,0
BRDA:222,9,1,0
BRDA:255,10,0,0
BRDA:255,10,1,0
BRDA:256,11,0,0
BRDA:256,11,1,0
BRDA:258,12,0,0
BRDA:258,12,1,0
BRDA:266,13,0,0
BRDA:266,13,1,0
BRDA:271,14,0,0
BRDA:271,14,1,0
BRDA:274,15,0,0
BRDA:274,15,1,0
BRDA:275,16,0,0
BRDA:275,16,1,0
BRF:34
BRH:0
end_of_record
